<?xml version="1.0" encoding="UTF-8"?>
<!-- Generated by org.testng.reporters.JUnitReportReporter -->
<testsuite name="com.sqa.mc.core.BasicTest" tests="2" time="0.008" ignored="0" failures="0" timestamp="21 Oct 2017 04:30:18 GMT" skipped="0" hostname="MarkCastaLaptop" errors="0">
  <testcase name="craigslistTest" time="0.001" classname="com.sqa.mc.core.BasicTest"/>
  <testcase name="craigslistTest" time="0.007" classname="com.sqa.mc.core.BasicTest"/>
</testsuite> <!-- com.sqa.mc.core.BasicTest -->
