<?xml version="1.0" encoding="UTF-8"?>
<!-- Generated by org.testng.reporters.JUnitReportReporter -->
<testsuite name="com.sqa.mc.core.SafariDrivenTest" tests="2" time="0.009" ignored="0" failures="0" timestamp="21 Oct 2017 21:50:44 GMT" skipped="0" hostname="MarkCastaLaptop" errors="0">
  <testcase name="craigslistTest" time="0.001" classname="com.sqa.mc.core.SafariDrivenTest"/>
  <testcase name="craigslistTest" time="0.008" classname="com.sqa.mc.core.SafariDrivenTest"/>
</testsuite> <!-- com.sqa.mc.core.SafariDrivenTest -->
