<?xml version="1.0" encoding="UTF-8"?>
<!-- Generated by org.testng.reporters.JUnitReportReporter -->
<testsuite name="com.sqa.mc.adactin.AdactinTC101" tests="1" time="3.750" ignored="0" failures="0" timestamp="26 Oct 2017 03:19:46 GMT" skipped="0" hostname="MarkCastaLaptop" errors="0">
  <testcase name="loginTest" time="3.750" classname="com.sqa.mc.adactin.AdactinTC101"/>
</testsuite> <!-- com.sqa.mc.adactin.AdactinTC101 -->
