<?xml version="1.0" encoding="UTF-8"?>
<!-- Generated by org.testng.reporters.JUnitReportReporter -->
<testsuite name="com.sqa.mc.core.ChromeDrivenTest" tests="2" time="0.007" ignored="0" failures="0" timestamp="21 Oct 2017 22:09:46 GMT" skipped="0" hostname="MarkCastaLaptop" errors="0">
  <testcase name="craigslistTest" time="0.006" classname="com.sqa.mc.core.ChromeDrivenTest"/>
  <testcase name="craigslistTest" time="0.001" classname="com.sqa.mc.core.ChromeDrivenTest"/>
</testsuite> <!-- com.sqa.mc.core.ChromeDrivenTest -->
