<?xml version="1.0" encoding="UTF-8"?>
<!-- Generated by org.testng.reporters.JUnitReportReporter -->
<testsuite name="com.sqa.mc.core.FirefoxDrivenTest" tests="2" time="0.012" ignored="0" failures="0" timestamp="21 Oct 2017 22:13:26 GMT" skipped="0" hostname="MarkCastaLaptop" errors="0">
  <testcase name="craigslistTest" time="0.002" classname="com.sqa.mc.core.FirefoxDrivenTest"/>
  <testcase name="craigslistTest" time="0.010" classname="com.sqa.mc.core.FirefoxDrivenTest"/>
</testsuite> <!-- com.sqa.mc.core.FirefoxDrivenTest -->
