<?xml version="1.0" encoding="UTF-8"?>
<!-- Generated by org.testng.reporters.JUnitReportReporter -->
<testsuite name="com.sqa.mc.day17.WorkTest" tests="1" time="0.389" ignored="0" failures="0" timestamp="27 Oct 2017 04:13:42 GMT" skipped="0" hostname="MarkCastaLaptop" errors="0">
  <testcase name="testDBConnection" time="0.389" classname="com.sqa.mc.day17.WorkTest"/>
</testsuite> <!-- com.sqa.mc.day17.WorkTest -->
